... storing 'assay_ontology_term_id' as categorical
... storing 'cell_type_ontology_term_id' as categorical
... storing 'development_stage_ontology_term_id' as categorical
... storing 'disease_ontology_term_id' as categorical
... storing 'ethnicity_ontology_term_id' as categorical
... storing 'tissue_ontology_term_id' as categorical
... storing 'organism_ontology_term_id' as categorical
... storing 'sex_ontology_term_id' as categorical
... storing 'sample' as categorical
... storing 'study' as categorical
... storing 'subject_ID' as categorical
... storing 'smoking_status' as categorical
... storing 'condition' as categorical
... storing 'subject_type' as categorical
... storing 'sample_type' as categorical
... storing "3'_or_5'" as categorical
... storing 'sequencing_platform' as categorical
... storing 'cell_ranger_version' as categorical
... storing 'fresh_or_frozen' as categorical
... storing 'dataset' as categorical
... storing 'anatomical_region_level_2' as categorical
... storing 'anatomical_region_level_3' as categorical
... storing 'age' as categorical
... storing 'original_ann_level_1' as categorical
... storing 'original_ann_level_2' as categorical
... storing 'original_ann_level_3' as categorical
... storing 'original_ann_level_4' as categorical
... storing 'original_ann_level_5' as categorical
... storing 'original_ann_nonharmonized' as categorical
... storing 'scanvi_label' as categorical
... storing 'leiden_1' as categorical
... storing 'leiden_2' as categorical
... storing 'leiden_3' as categorical
... storing 'leiden_4' as categorical
... storing 'reannotation_type' as categorical
... storing 'leiden_5' as categorical
... storing 'ann_finest_level' as categorical
... storing 'ann_level_1' as categorical
... storing 'ann_level_2' as categorical
... storing 'ann_level_3' as categorical
... storing 'ann_level_4' as categorical
... storing 'ann_level_5' as categorical
... storing 'ann_coarse_for_GWAS_and_modeling' as categorical
... storing 'cell_type' as categorical
... storing 'assay' as categorical
... storing 'disease' as categorical
... storing 'organism' as categorical
... storing 'sex' as categorical
... storing 'tissue' as categorical
... storing 'ethnicity' as categorical
... storing 'development_stage' as categorical
... storing 'tumor_site' as categorical
... storing 'original_celltype_ann' as categorical
... storing 'study_long' as categorical
... storing 'last_author_PI' as categorical
... storing 'lung_vs_nasal' as categorical
... storing 'pred' as categorical
... storing 'ann_finest_level_pred' as categorical
